#
# There is insufficient memory for the Java Runtime Environment to continue.
# Native memory allocation (malloc) failed to allocate 1499376 bytes. Error detail: Chunk::new
# Possible reasons:
#   The system is out of physical RAM or swap space
#   This process is running with CompressedOops enabled, and the Java Heap may be blocking the growth of the native heap
# Possible solutions:
#   Reduce memory load on the system
#   Increase physical memory or swap space
#   Check if swap backing store is full
#   Decrease Java heap size (-Xmx/-Xms)
#   Decrease number of Java threads
#   Decrease Java thread stack sizes (-Xss)
#   Set larger code cache with -XX:ReservedCodeCacheSize=
#   JVM is running with Unscaled Compressed Oops mode in which the Java heap is
#     placed in the first 4GB address space. The Java Heap base address is the
#     maximum limit for the native heap growth. Please use -XX:HeapBaseMinAddress
#     to set the Java Heap base and to place the Java Heap above 4GB virtual address.
# This output file may be truncated or incomplete.
#
#  Out of Memory Error (arena.cpp:168), pid=2952, tid=8864
#
# JRE version: OpenJDK Runtime Environment Temurin-21.0.6+7 (21.0.6+7) (build 21.0.6+7-LTS)
# Java VM: OpenJDK 64-Bit Server VM Temurin-21.0.6+7 (21.0.6+7-LTS, mixed mode, sharing, tiered, compressed oops, compressed class ptrs, parallel gc, windows-amd64)
# No core dump will be written. Minidumps are not enabled by default on client versions of Windows
#

---------------  S U M M A R Y ------------

Command Line: --add-modules=ALL-SYSTEM --add-opens=java.base/java.util=ALL-UNNAMED --add-opens=java.base/java.lang=ALL-UNNAMED --add-opens=java.base/sun.nio.fs=ALL-UNNAMED -Declipse.application=org.eclipse.jdt.ls.core.id1 -Dosgi.bundles.defaultStartLevel=4 -Declipse.product=org.eclipse.jdt.ls.core.product -Djava.import.generatesMetadataFilesAtProjectRoot=false -DDetectVMInstallationsJob.disabled=true -Dfile.encoding=utf8 -XX:+UseParallelGC -XX:GCTimeRatio=4 -XX:AdaptiveSizePolicyWeight=90 -Dsun.zip.disableMemoryMapping=true -Xmx1G -Xms100m -Xlog:disable -javaagent:c:\Users\mariam\.vscode\extensions\redhat.java-1.41.1-win32-x64\lombok\lombok-1.18.36.jar c:\Users\mariam\.vscode\extensions\redhat.java-1.41.1-win32-x64\server\plugins\org.eclipse.equinox.launcher_1.7.0.v20250331-1702.jar -configuration c:\Users\mariam\AppData\Roaming\Code\User\globalStorage\redhat.java\1.41.1\config_ss_win -data c:\Users\mariam\AppData\Roaming\Code\User\workspaceStorage\2bb9b26e9d4492cbb8200e3212f9205a\redhat.java\ss_ws --pipe=\\.\pipe\lsp-ce070b0273a7b2f6cd6042b87aea70d6-sock

Host: 11th Gen Intel(R) Core(TM) i7-11370H @ 3.30GHz, 8 cores, 15G,  Windows 11 , 64 bit Build 26100 (10.0.26100.3775)
Time: Sun May  4 23:23:44 2025 Egypt Daylight Time elapsed time: 4.371517 seconds (0d 0h 0m 4s)

---------------  T H R E A D  ---------------

Current thread (0x000001eae488de10):  JavaThread "C2 CompilerThread2" daemon [_thread_in_native, id=8864, stack(0x0000005906800000,0x0000005906900000) (1024K)]


Current CompileTask:
C2:4371 2682       4       org.lombokweb.asm.ClassReader::readMethod (1070 bytes)

Stack: [0x0000005906800000,0x0000005906900000]
Native frames: (J=compiled Java code, j=interpreted, Vv=VM code, C=native code)
V  [jvm.dll+0x6cdee9]
V  [jvm.dll+0x8a83d1]
V  [jvm.dll+0x8aa8fe]
V  [jvm.dll+0x8aafe3]
V  [jvm.dll+0x27f706]
V  [jvm.dll+0xc500d]
V  [jvm.dll+0xc5543]
V  [jvm.dll+0x3b6752]
V  [jvm.dll+0x382935]
V  [jvm.dll+0x381d9a]
V  [jvm.dll+0x2479f0]
V  [jvm.dll+0x246fcf]
V  [jvm.dll+0x1c75ee]
V  [jvm.dll+0x25685a]
V  [jvm.dll+0x254dfa]
V  [jvm.dll+0x3f0256]
V  [jvm.dll+0x851f8b]
V  [jvm.dll+0x6cc5ed]
C  [ucrtbase.dll+0x37b0]
C  [KERNEL32.DLL+0x2e8d7]
C  [ntdll.dll+0xb14fc]


---------------  P R O C E S S  ---------------

Threads class SMR info:
_java_thread_list=0x000001eae915fba0, length=22, elements={
0x000001eace5e4670, 0x000001eace69dd00, 0x000001eae2995290, 0x000001eae29978f0,
0x000001eae299a450, 0x000001eae29a0e10, 0x000001eae29a4e90, 0x000001eae29b44b0,
0x000001eae29b9030, 0x000001eae4424650, 0x000001eae4585c60, 0x000001eae47b8240,
0x000001eae488de10, 0x000001eae4ea95e0, 0x000001eae9160590, 0x000001eae4e3a750,
0x000001eae4c54e80, 0x000001eae9277bb0, 0x000001eae91c3c30, 0x000001eae9440290,
0x000001eae9520ea0, 0x000001eae94b1410
}

Java Threads: ( => current thread )
  0x000001eace5e4670 JavaThread "main"                              [_thread_blocked, id=23716, stack(0x0000005905900000,0x0000005905a00000) (1024K)]
  0x000001eace69dd00 JavaThread "Reference Handler"          daemon [_thread_blocked, id=22160, stack(0x0000005905d00000,0x0000005905e00000) (1024K)]
  0x000001eae2995290 JavaThread "Finalizer"                  daemon [_thread_blocked, id=9616, stack(0x0000005905e00000,0x0000005905f00000) (1024K)]
  0x000001eae29978f0 JavaThread "Signal Dispatcher"          daemon [_thread_blocked, id=19188, stack(0x0000005905f00000,0x0000005906000000) (1024K)]
  0x000001eae299a450 JavaThread "Attach Listener"            daemon [_thread_blocked, id=8656, stack(0x0000005906000000,0x0000005906100000) (1024K)]
  0x000001eae29a0e10 JavaThread "Service Thread"             daemon [_thread_blocked, id=19772, stack(0x0000005906100000,0x0000005906200000) (1024K)]
  0x000001eae29a4e90 JavaThread "Monitor Deflation Thread"   daemon [_thread_blocked, id=8932, stack(0x0000005906200000,0x0000005906300000) (1024K)]
  0x000001eae29b44b0 JavaThread "C2 CompilerThread0"         daemon [_thread_in_native, id=11800, stack(0x0000005906300000,0x0000005906400000) (1024K)]
  0x000001eae29b9030 JavaThread "C1 CompilerThread0"         daemon [_thread_blocked, id=25720, stack(0x0000005906400000,0x0000005906500000) (1024K)]
  0x000001eae4424650 JavaThread "Common-Cleaner"             daemon [_thread_blocked, id=21652, stack(0x0000005906500000,0x0000005906600000) (1024K)]
  0x000001eae4585c60 JavaThread "C2 CompilerThread1"         daemon [_thread_in_native, id=10348, stack(0x0000005906600000,0x0000005906700000) (1024K)]
  0x000001eae47b8240 JavaThread "Notification Thread"        daemon [_thread_blocked, id=14932, stack(0x0000005906700000,0x0000005906800000) (1024K)]
=>0x000001eae488de10 JavaThread "C2 CompilerThread2"         daemon [_thread_in_native, id=8864, stack(0x0000005906800000,0x0000005906900000) (1024K)]
  0x000001eae4ea95e0 JavaThread "Active Thread: Equinox Container: a2212bb9-86c4-4b2b-9f07-2272d0bf0437"        [_thread_blocked, id=7276, stack(0x0000005906f00000,0x0000005907000000) (1024K)]
  0x000001eae9160590 JavaThread "Framework Event Dispatcher: Equinox Container: a2212bb9-86c4-4b2b-9f07-2272d0bf0437" daemon [_thread_blocked, id=11576, stack(0x0000005907000000,0x0000005907100000) (1024K)]
  0x000001eae4e3a750 JavaThread "Start Level: Equinox Container: a2212bb9-86c4-4b2b-9f07-2272d0bf0437" daemon [_thread_in_vm, id=19384, stack(0x0000005907100000,0x0000005907200000) (1024K)]
  0x000001eae4c54e80 JavaThread "SCR Component Actor"        daemon [_thread_blocked, id=27492, stack(0x0000005907200000,0x0000005907300000) (1024K)]
  0x000001eae9277bb0 JavaThread "SCR Component Registry"     daemon [_thread_blocked, id=16520, stack(0x0000005907400000,0x0000005907500000) (1024K)]
  0x000001eae91c3c30 JavaThread "Worker-JM"                         [_thread_blocked, id=23264, stack(0x0000005907500000,0x0000005907600000) (1024K)]
  0x000001eae9440290 JavaThread "JNA Cleaner"                daemon [_thread_blocked, id=10940, stack(0x0000005907600000,0x0000005907700000) (1024K)]
  0x000001eae9520ea0 JavaThread "Worker-0"                          [_thread_blocked, id=24440, stack(0x0000005907700000,0x0000005907800000) (1024K)]
  0x000001eae94b1410 JavaThread "Worker-1"                          [_thread_blocked, id=19400, stack(0x0000005907800000,0x0000005907900000) (1024K)]
Total: 22

Other Threads:
  0x000001eace680b60 VMThread "VM Thread"                           [id=19256, stack(0x0000005905c00000,0x0000005905d00000) (1024K)]
  0x000001eace6502e0 WatcherThread "VM Periodic Task Thread"        [id=19792, stack(0x0000005905b00000,0x0000005905c00000) (1024K)]
  0x000001eace602d80 WorkerThread "GC Thread#0"                     [id=27436, stack(0x0000005905a00000,0x0000005905b00000) (1024K)]
  0x000001eae4bbd250 WorkerThread "GC Thread#1"                     [id=8632, stack(0x0000005906900000,0x0000005906a00000) (1024K)]
  0x000001eae4bb8e20 WorkerThread "GC Thread#2"                     [id=25812, stack(0x0000005906a00000,0x0000005906b00000) (1024K)]
  0x000001eae4b749b0 WorkerThread "GC Thread#3"                     [id=22532, stack(0x0000005906b00000,0x0000005906c00000) (1024K)]
  0x000001eae49a07d0 WorkerThread "GC Thread#4"                     [id=22872, stack(0x0000005906c00000,0x0000005906d00000) (1024K)]
  0x000001eae49a0b70 WorkerThread "GC Thread#5"                     [id=18520, stack(0x0000005906d00000,0x0000005906e00000) (1024K)]
  0x000001eae49a0f10 WorkerThread "GC Thread#6"                     [id=8496, stack(0x0000005906e00000,0x0000005906f00000) (1024K)]
  0x000001eae911ed20 WorkerThread "GC Thread#7"                     [id=8816, stack(0x0000005907300000,0x0000005907400000) (1024K)]
Total: 10

Threads with active compile tasks:
C2 CompilerThread0  4388 2812       4       java.lang.invoke.MethodType::makeImpl (109 bytes)
C2 CompilerThread1  4389 2927       4       java.lang.String::newStringUTF8NoRepl (322 bytes)
C2 CompilerThread2  4389 2682       4       org.lombokweb.asm.ClassReader::readMethod (1070 bytes)
Total: 3

VM state: not at safepoint (normal execution)

VM Mutex/Monitor currently owned by a thread: None

Heap address: 0x00000000c0000000, size: 1024 MB, Compressed Oops mode: 32-bit

CDS archive(s) mapped at: [0x000001ea80000000-0x000001ea80ba0000-0x000001ea80ba0000), size 12189696, SharedBaseAddress: 0x000001ea80000000, ArchiveRelocationMode: 1.
Compressed class space mapped at: 0x000001ea81000000-0x000001eac1000000, reserved size: 1073741824
Narrow klass base: 0x000001ea80000000, Narrow klass shift: 0, Narrow klass range: 0x100000000

GC Precious Log:
 CardTable entry size: 512
 CPUs: 8 total, 8 available
 Memory: 16075M
 Large Page Support: Disabled
 NUMA Support: Disabled
 Compressed Oops: Enabled (32-bit)
 Alignments: Space 512K, Generation 512K, Heap 2M
 Heap Min Capacity: 100M
 Heap Initial Capacity: 100M
 Heap Max Capacity: 1G
 Pre-touch: Disabled
 Parallel Workers: 8

Heap:
 PSYoungGen      total 27648K, used 7050K [0x00000000eab00000, 0x00000000eca00000, 0x0000000100000000)
  eden space 24576K, 17% used [0x00000000eab00000,0x00000000eaf47428,0x00000000ec300000)
  from space 3072K, 86% used [0x00000000ec480000,0x00000000ec71b410,0x00000000ec780000)
  to   space 2560K, 0% used [0x00000000ec780000,0x00000000ec780000,0x00000000eca00000)
 ParOldGen       total 68608K, used 8406K [0x00000000c0000000, 0x00000000c4300000, 0x00000000eab00000)
  object space 68608K, 12% used [0x00000000c0000000,0x00000000c0835b50,0x00000000c4300000)
 Metaspace       used 23312K, committed 24000K, reserved 1114112K
  class space    used 2153K, committed 2432K, reserved 1048576K

Card table byte_map: [0x000001eacdf80000,0x000001eace190000] _byte_map_base: 0x000001eacd980000

Marking Bits: (ParMarkBitMap*) 0x00007ffa84923260
 Begin Bits: [0x000001eae07d0000, 0x000001eae17d0000)
 End Bits:   [0x000001eae17d0000, 0x000001eae27d0000)

Polling page: 0x000001eacdd40000

Metaspace:

Usage:
  Non-class:     20.66 MB used.
      Class:      2.10 MB used.
       Both:     22.77 MB used.

Virtual space:
  Non-class space:       64.00 MB reserved,      21.06 MB ( 33%) committed,  1 nodes.
      Class space:        1.00 GB reserved,       2.38 MB ( <1%) committed,  1 nodes.
             Both:        1.06 GB reserved,      23.44 MB (  2%) committed. 

Chunk freelists:
   Non-Class:  10.98 MB
       Class:  13.47 MB
        Both:  24.46 MB

MaxMetaspaceSize: unlimited
CompressedClassSpaceSize: 1.00 GB
Initial GC threshold: 21.00 MB
Current GC threshold: 35.00 MB
CDS: on
 - commit_granule_bytes: 65536.
 - commit_granule_words: 8192.
 - virtual_space_node_default_size: 8388608.
 - enlarge_chunks_in_place: 1.
 - use_allocation_guard: 0.


Internal statistics:

num_allocs_failed_limit: 3.
num_arena_births: 518.
num_arena_deaths: 14.
num_vsnodes_births: 2.
num_vsnodes_deaths: 0.
num_space_committed: 375.
num_space_uncommitted: 0.
num_chunks_returned_to_freelist: 17.
num_chunks_taken_from_freelist: 1385.
num_chunk_merges: 9.
num_chunk_splits: 928.
num_chunks_enlarged: 597.
num_inconsistent_stats: 0.

CodeHeap 'non-profiled nmethods': size=120000Kb used=1298Kb max_used=1298Kb free=118701Kb
 bounds [0x000001ead92a0000, 0x000001ead9510000, 0x000001eae07d0000]
CodeHeap 'profiled nmethods': size=120000Kb used=5750Kb max_used=5750Kb free=114249Kb
 bounds [0x000001ead17d0000, 0x000001ead1d70000, 0x000001ead8d00000]
CodeHeap 'non-nmethods': size=5760Kb used=1332Kb max_used=1354Kb free=4427Kb
 bounds [0x000001ead8d00000, 0x000001ead8f70000, 0x000001ead92a0000]
 total_blobs=3537 nmethods=2928 adapters=515
 compilation: enabled
              stopped_count=0, restarted_count=0
 full_count=0

Compilation events (20 events):
Event: 3.345 Thread 0x000001eae4585c60 2925       4       java.util.zip.ZipFile::getZipEntry (322 bytes)
Event: 3.345 Thread 0x000001eae29b9030 2923       3       org.eclipse.osgi.storage.bundlefile.ZipBundleFile$1::next (5 bytes)
Event: 3.345 Thread 0x000001eae29b9030 nmethod 2923 0x000001ead1d6b810 code [0x000001ead1d6b9e0, 0x000001ead1d6bdd0]
Event: 3.345 Thread 0x000001eae29b9030 2924       3       org.eclipse.osgi.storage.bundlefile.ZipBundleFile$1::next (18 bytes)
Event: 3.345 Thread 0x000001eae29b9030 nmethod 2924 0x000001ead1d6bf10 code [0x000001ead1d6c0e0, 0x000001ead1d6c468]
Event: 3.359 Thread 0x000001eae29b9030 2930       3       java.lang.Character$UnicodeBlock::<init> (17 bytes)
Event: 3.359 Thread 0x000001eae29b9030 nmethod 2930 0x000001ead1d6c590 code [0x000001ead1d6c780, 0x000001ead1d6cbe0]
Event: 3.359 Thread 0x000001eae29b9030 2931       3       java.lang.Character$Subset::<init> (24 bytes)
Event: 3.360 Thread 0x000001eae29b9030 nmethod 2931 0x000001ead1d6cd90 code [0x000001ead1d6cf40, 0x000001ead1d6d1c8]
Event: 3.360 Thread 0x000001eae4585c60 nmethod 2925 0x000001ead93e1b10 code [0x000001ead93e1d60, 0x000001ead93e3240]
Event: 3.362 Thread 0x000001eae4585c60 2926       4       java.util.zip.ZipEntry::<init> (84 bytes)
Event: 3.363 Thread 0x000001eae4585c60 nmethod 2926 0x000001ead93e3f10 code [0x000001ead93e40a0, 0x000001ead93e41d8]
Event: 3.388 Thread 0x000001eae29b9030 2932       1       org.eclipse.core.internal.dtree.DataDeltaNode::isDelta (2 bytes)
Event: 3.388 Thread 0x000001eae29b9030 nmethod 2932 0x000001ead93e4310 code [0x000001ead93e44a0, 0x000001ead93e4568]
Event: 3.388 Thread 0x000001eae29b9030 2933       1       java.util.concurrent.atomic.AtomicReference::set (6 bytes)
Event: 3.388 Thread 0x000001eae29b9030 nmethod 2933 0x000001ead93e4610 code [0x000001ead93e47a0, 0x000001ead93e4888]
Event: 4.118 Thread 0x000001eae29b9030 2934       3       java.util.concurrent.Semaphore$NonfairSync::tryAcquireShared (6 bytes)
Event: 4.118 Thread 0x000001eae29b9030 nmethod 2934 0x000001ead1d6d310 code [0x000001ead1d6d4c0, 0x000001ead1d6d5f8]
Event: 4.118 Thread 0x000001eae29b9030 2935       3       java.util.concurrent.Semaphore$Sync::nonfairTryAcquireShared (27 bytes)
Event: 4.118 Thread 0x000001eae29b9030 nmethod 2935 0x000001ead1d6d690 code [0x000001ead1d6d840, 0x000001ead1d6da90]

GC Heap History (16 events):
Event: 0.634 GC heap before
{Heap before GC invocations=1 (full 0):
 PSYoungGen      total 29696K, used 25600K [0x00000000eab00000, 0x00000000ecc00000, 0x0000000100000000)
  eden space 25600K, 100% used [0x00000000eab00000,0x00000000ec400000,0x00000000ec400000)
  from space 4096K, 0% used [0x00000000ec800000,0x00000000ec800000,0x00000000ecc00000)
  to   space 4096K, 0% used [0x00000000ec400000,0x00000000ec400000,0x00000000ec800000)
 ParOldGen       total 68608K, used 0K [0x00000000c0000000, 0x00000000c4300000, 0x00000000eab00000)
  object space 68608K, 0% used [0x00000000c0000000,0x00000000c0000000,0x00000000c4300000)
 Metaspace       used 4333K, committed 4480K, reserved 1114112K
  class space    used 438K, committed 512K, reserved 1048576K
}
Event: 0.641 GC heap after
{Heap after GC invocations=1 (full 0):
 PSYoungGen      total 29696K, used 3205K [0x00000000eab00000, 0x00000000ecc00000, 0x0000000100000000)
  eden space 25600K, 0% used [0x00000000eab00000,0x00000000eab00000,0x00000000ec400000)
  from space 4096K, 78% used [0x00000000ec400000,0x00000000ec7217f0,0x00000000ec800000)
  to   space 4096K, 0% used [0x00000000ec800000,0x00000000ec800000,0x00000000ecc00000)
 ParOldGen       total 68608K, used 16K [0x00000000c0000000, 0x00000000c4300000, 0x00000000eab00000)
  object space 68608K, 0% used [0x00000000c0000000,0x00000000c0004000,0x00000000c4300000)
 Metaspace       used 4333K, committed 4480K, reserved 1114112K
  class space    used 438K, committed 512K, reserved 1048576K
}
Event: 1.196 GC heap before
{Heap before GC invocations=2 (full 0):
 PSYoungGen      total 29696K, used 28805K [0x00000000eab00000, 0x00000000ecc00000, 0x0000000100000000)
  eden space 25600K, 100% used [0x00000000eab00000,0x00000000ec400000,0x00000000ec400000)
  from space 4096K, 78% used [0x00000000ec400000,0x00000000ec7217f0,0x00000000ec800000)
  to   space 4096K, 0% used [0x00000000ec800000,0x00000000ec800000,0x00000000ecc00000)
 ParOldGen       total 68608K, used 16K [0x00000000c0000000, 0x00000000c4300000, 0x00000000eab00000)
  object space 68608K, 0% used [0x00000000c0000000,0x00000000c0004000,0x00000000c4300000)
 Metaspace       used 8217K, committed 8512K, reserved 1114112K
  class space    used 816K, committed 960K, reserved 1048576K
}
Event: 1.199 GC heap after
{Heap after GC invocations=2 (full 0):
 PSYoungGen      total 29696K, used 4084K [0x00000000eab00000, 0x00000000ecc00000, 0x0000000100000000)
  eden space 25600K, 0% used [0x00000000eab00000,0x00000000eab00000,0x00000000ec400000)
  from space 4096K, 99% used [0x00000000ec800000,0x00000000ecbfd168,0x00000000ecc00000)
  to   space 4096K, 0% used [0x00000000ec400000,0x00000000ec400000,0x00000000ec800000)
 ParOldGen       total 68608K, used 921K [0x00000000c0000000, 0x00000000c4300000, 0x00000000eab00000)
  object space 68608K, 1% used [0x00000000c0000000,0x00000000c00e66a8,0x00000000c4300000)
 Metaspace       used 8217K, committed 8512K, reserved 1114112K
  class space    used 816K, committed 960K, reserved 1048576K
}
Event: 1.531 GC heap before
{Heap before GC invocations=3 (full 0):
 PSYoungGen      total 29696K, used 29684K [0x00000000eab00000, 0x00000000ecc00000, 0x0000000100000000)
  eden space 25600K, 100% used [0x00000000eab00000,0x00000000ec400000,0x00000000ec400000)
  from space 4096K, 99% used [0x00000000ec800000,0x00000000ecbfd168,0x00000000ecc00000)
  to   space 4096K, 0% used [0x00000000ec400000,0x00000000ec400000,0x00000000ec800000)
 ParOldGen       total 68608K, used 921K [0x00000000c0000000, 0x00000000c4300000, 0x00000000eab00000)
  object space 68608K, 1% used [0x00000000c0000000,0x00000000c00e66a8,0x00000000c4300000)
 Metaspace       used 12976K, committed 13504K, reserved 1114112K
  class space    used 1311K, committed 1536K, reserved 1048576K
}
Event: 1.535 GC heap after
{Heap after GC invocations=3 (full 0):
 PSYoungGen      total 29696K, used 4083K [0x00000000eab00000, 0x00000000ecc00000, 0x0000000100000000)
  eden space 25600K, 0% used [0x00000000eab00000,0x00000000eab00000,0x00000000ec400000)
  from space 4096K, 99% used [0x00000000ec400000,0x00000000ec7fcea8,0x00000000ec800000)
  to   space 4096K, 0% used [0x00000000ec800000,0x00000000ec800000,0x00000000ecc00000)
 ParOldGen       total 68608K, used 2720K [0x00000000c0000000, 0x00000000c4300000, 0x00000000eab00000)
  object space 68608K, 3% used [0x00000000c0000000,0x00000000c02a81e0,0x00000000c4300000)
 Metaspace       used 12976K, committed 13504K, reserved 1114112K
  class space    used 1311K, committed 1536K, reserved 1048576K
}
Event: 1.828 GC heap before
{Heap before GC invocations=4 (full 0):
 PSYoungGen      total 29696K, used 29683K [0x00000000eab00000, 0x00000000ecc00000, 0x0000000100000000)
  eden space 25600K, 100% used [0x00000000eab00000,0x00000000ec400000,0x00000000ec400000)
  from space 4096K, 99% used [0x00000000ec400000,0x00000000ec7fcea8,0x00000000ec800000)
  to   space 4096K, 0% used [0x00000000ec800000,0x00000000ec800000,0x00000000ecc00000)
 ParOldGen       total 68608K, used 2720K [0x00000000c0000000, 0x00000000c4300000, 0x00000000eab00000)
  object space 68608K, 3% used [0x00000000c0000000,0x00000000c02a81e0,0x00000000c4300000)
 Metaspace       used 17053K, committed 17728K, reserved 1114112K
  class space    used 1708K, committed 1984K, reserved 1048576K
}
Event: 1.830 GC heap after
{Heap after GC invocations=4 (full 0):
 PSYoungGen      total 29696K, used 4064K [0x00000000eab00000, 0x00000000ecc00000, 0x0000000100000000)
  eden space 25600K, 0% used [0x00000000eab00000,0x00000000eab00000,0x00000000ec400000)
  from space 4096K, 99% used [0x00000000ec800000,0x00000000ecbf8338,0x00000000ecc00000)
  to   space 4096K, 0% used [0x00000000ec400000,0x00000000ec400000,0x00000000ec800000)
 ParOldGen       total 68608K, used 5363K [0x00000000c0000000, 0x00000000c4300000, 0x00000000eab00000)
  object space 68608K, 7% used [0x00000000c0000000,0x00000000c053cc70,0x00000000c4300000)
 Metaspace       used 17053K, committed 17728K, reserved 1114112K
  class space    used 1708K, committed 1984K, reserved 1048576K
}
Event: 1.960 GC heap before
{Heap before GC invocations=5 (full 0):
 PSYoungGen      total 29696K, used 29664K [0x00000000eab00000, 0x00000000ecc00000, 0x0000000100000000)
  eden space 25600K, 100% used [0x00000000eab00000,0x00000000ec400000,0x00000000ec400000)
  from space 4096K, 99% used [0x00000000ec800000,0x00000000ecbf8338,0x00000000ecc00000)
  to   space 4096K, 0% used [0x00000000ec400000,0x00000000ec400000,0x00000000ec800000)
 ParOldGen       total 68608K, used 5363K [0x00000000c0000000, 0x00000000c4300000, 0x00000000eab00000)
  object space 68608K, 7% used [0x00000000c0000000,0x00000000c053cc70,0x00000000c4300000)
 Metaspace       used 20368K, committed 21056K, reserved 1114112K
  class space    used 1945K, committed 2240K, reserved 1048576K
}
Event: 1.963 GC heap after
{Heap after GC invocations=5 (full 0):
 PSYoungGen      total 29184K, used 4074K [0x00000000eab00000, 0x00000000ece80000, 0x0000000100000000)
  eden space 25088K, 0% used [0x00000000eab00000,0x00000000eab00000,0x00000000ec380000)
  from space 4096K, 99% used [0x00000000ec400000,0x00000000ec7fab68,0x00000000ec800000)
  to   space 5632K, 0% used [0x00000000ec900000,0x00000000ec900000,0x00000000ece80000)
 ParOldGen       total 68608K, used 5837K [0x00000000c0000000, 0x00000000c4300000, 0x00000000eab00000)
  object space 68608K, 8% used [0x00000000c0000000,0x00000000c05b3688,0x00000000c4300000)
 Metaspace       used 20368K, committed 21056K, reserved 1114112K
  class space    used 1945K, committed 2240K, reserved 1048576K
}
Event: 1.982 GC heap before
{Heap before GC invocations=6 (full 0):
 PSYoungGen      total 29184K, used 8991K [0x00000000eab00000, 0x00000000ece80000, 0x0000000100000000)
  eden space 25088K, 19% used [0x00000000eab00000,0x00000000eafcd1a0,0x00000000ec380000)
  from space 4096K, 99% used [0x00000000ec400000,0x00000000ec7fab68,0x00000000ec800000)
  to   space 5632K, 0% used [0x00000000ec900000,0x00000000ec900000,0x00000000ece80000)
 ParOldGen       total 68608K, used 5837K [0x00000000c0000000, 0x00000000c4300000, 0x00000000eab00000)
  object space 68608K, 8% used [0x00000000c0000000,0x00000000c05b3688,0x00000000c4300000)
 Metaspace       used 20858K, committed 21504K, reserved 1114112K
  class space    used 1977K, committed 2240K, reserved 1048576K
}
Event: 1.986 GC heap after
{Heap after GC invocations=6 (full 0):
 PSYoungGen      total 29696K, used 4188K [0x00000000eab00000, 0x00000000ecd80000, 0x0000000100000000)
  eden space 25088K, 0% used [0x00000000eab00000,0x00000000eab00000,0x00000000ec380000)
  from space 4608K, 90% used [0x00000000ec900000,0x00000000ecd171e0,0x00000000ecd80000)
  to   space 4608K, 0% used [0x00000000ec480000,0x00000000ec480000,0x00000000ec900000)
 ParOldGen       total 68608K, used 5837K [0x00000000c0000000, 0x00000000c4300000, 0x00000000eab00000)
  object space 68608K, 8% used [0x00000000c0000000,0x00000000c05b3688,0x00000000c4300000)
 Metaspace       used 20858K, committed 21504K, reserved 1114112K
  class space    used 1977K, committed 2240K, reserved 1048576K
}
Event: 1.986 GC heap before
{Heap before GC invocations=7 (full 1):
 PSYoungGen      total 29696K, used 4188K [0x00000000eab00000, 0x00000000ecd80000, 0x0000000100000000)
  eden space 25088K, 0% used [0x00000000eab00000,0x00000000eab00000,0x00000000ec380000)
  from space 4608K, 90% used [0x00000000ec900000,0x00000000ecd171e0,0x00000000ecd80000)
  to   space 4608K, 0% used [0x00000000ec480000,0x00000000ec480000,0x00000000ec900000)
 ParOldGen       total 68608K, used 5837K [0x00000000c0000000, 0x00000000c4300000, 0x00000000eab00000)
  object space 68608K, 8% used [0x00000000c0000000,0x00000000c05b3688,0x00000000c4300000)
 Metaspace       used 20858K, committed 21504K, reserved 1114112K
  class space    used 1977K, committed 2240K, reserved 1048576K
}
Event: 3.074 GC heap after
{Heap after GC invocations=7 (full 1):
 PSYoungGen      total 29696K, used 0K [0x00000000eab00000, 0x00000000ecd80000, 0x0000000100000000)
  eden space 25088K, 0% used [0x00000000eab00000,0x00000000eab00000,0x00000000ec380000)
  from space 4608K, 0% used [0x00000000ec900000,0x00000000ec900000,0x00000000ecd80000)
  to   space 4608K, 0% used [0x00000000ec480000,0x00000000ec480000,0x00000000ec900000)
 ParOldGen       total 68608K, used 8398K [0x00000000c0000000, 0x00000000c4300000, 0x00000000eab00000)
  object space 68608K, 12% used [0x00000000c0000000,0x00000000c0833b50,0x00000000c4300000)
 Metaspace       used 20845K, committed 21504K, reserved 1114112K
  class space    used 1974K, committed 2240K, reserved 1048576K
}
Event: 3.300 GC heap before
{Heap before GC invocations=8 (full 1):
 PSYoungGen      total 29696K, used 25088K [0x00000000eab00000, 0x00000000ecd80000, 0x0000000100000000)
  eden space 25088K, 100% used [0x00000000eab00000,0x00000000ec380000,0x00000000ec380000)
  from space 4608K, 0% used [0x00000000ec900000,0x00000000ec900000,0x00000000ecd80000)
  to   space 4608K, 0% used [0x00000000ec480000,0x00000000ec480000,0x00000000ec900000)
 ParOldGen       total 68608K, used 8398K [0x00000000c0000000, 0x00000000c4300000, 0x00000000eab00000)
  object space 68608K, 12% used [0x00000000c0000000,0x00000000c0833b50,0x00000000c4300000)
 Metaspace       used 22760K, committed 23360K, reserved 1114112K
  class space    used 2117K, committed 2368K, reserved 1048576K
}
Event: 3.302 GC heap after
{Heap after GC invocations=8 (full 1):
 PSYoungGen      total 27648K, used 2669K [0x00000000eab00000, 0x00000000eca00000, 0x0000000100000000)
  eden space 24576K, 0% used [0x00000000eab00000,0x00000000eab00000,0x00000000ec300000)
  from space 3072K, 86% used [0x00000000ec480000,0x00000000ec71b410,0x00000000ec780000)
  to   space 2560K, 0% used [0x00000000ec780000,0x00000000ec780000,0x00000000eca00000)
 ParOldGen       total 68608K, used 8406K [0x00000000c0000000, 0x00000000c4300000, 0x00000000eab00000)
  object space 68608K, 12% used [0x00000000c0000000,0x00000000c0835b50,0x00000000c4300000)
 Metaspace       used 22760K, committed 23360K, reserved 1114112K
  class space    used 2117K, committed 2368K, reserved 1048576K
}

Dll operation events (10 events):
Event: 0.011 Loaded shared library c:\Users\mariam\.vscode\extensions\redhat.java-1.41.1-win32-x64\jre\21.0.6-win32-x86_64\bin\java.dll
Event: 0.080 Loaded shared library c:\Users\mariam\.vscode\extensions\redhat.java-1.41.1-win32-x64\jre\21.0.6-win32-x86_64\bin\zip.dll
Event: 0.102 Loaded shared library C:\Users\mariam\.vscode\extensions\redhat.java-1.41.1-win32-x64\jre\21.0.6-win32-x86_64\bin\instrument.dll
Event: 0.108 Loaded shared library C:\Users\mariam\.vscode\extensions\redhat.java-1.41.1-win32-x64\jre\21.0.6-win32-x86_64\bin\net.dll
Event: 0.111 Loaded shared library C:\Users\mariam\.vscode\extensions\redhat.java-1.41.1-win32-x64\jre\21.0.6-win32-x86_64\bin\nio.dll
Event: 0.114 Loaded shared library C:\Users\mariam\.vscode\extensions\redhat.java-1.41.1-win32-x64\jre\21.0.6-win32-x86_64\bin\zip.dll
Event: 0.136 Loaded shared library C:\Users\mariam\.vscode\extensions\redhat.java-1.41.1-win32-x64\jre\21.0.6-win32-x86_64\bin\jimage.dll
Event: 0.198 Loaded shared library c:\Users\mariam\.vscode\extensions\redhat.java-1.41.1-win32-x64\jre\21.0.6-win32-x86_64\bin\verify.dll
Event: 1.158 Loaded shared library C:\Users\mariam\AppData\Roaming\Code\User\globalStorage\redhat.java\1.41.1\config_ss_win\org.eclipse.equinox.launcher\org.eclipse.equinox.launcher.win32.win32.x86_64_1.2.1300.v20250331-1702\eclipse_11911.dll
Event: 1.727 Loaded shared library C:\Users\mariam\AppData\Local\Temp\jna--1081308105\jna11965133045573761293.dll

Deoptimization events (20 events):
Event: 3.321 Thread 0x000001eae4e3a750 Uncommon trap: trap_request=0xffffffc6 fr.pc=0x000001ead933faa0 relative=0x0000000000000aa0
Event: 3.321 Thread 0x000001eae4e3a750 Uncommon trap: reason=bimorphic_or_optimized_type_check action=maybe_recompile pc=0x000001ead933faa0 method=java.util.HashMap.putVal(ILjava/lang/Object;Ljava/lang/Object;ZZ)Ljava/lang/Object; @ 56 c2
Event: 3.321 Thread 0x000001eae4e3a750 DEOPT PACKING pc=0x000001ead933faa0 sp=0x00000059071fdc60
Event: 3.321 Thread 0x000001eae4e3a750 DEOPT UNPACKING pc=0x000001ead8d56da2 sp=0x00000059071fdb60 mode 2
Event: 3.321 Thread 0x000001eae4e3a750 Uncommon trap: trap_request=0xffffffc6 fr.pc=0x000001ead933faa0 relative=0x0000000000000aa0
Event: 3.321 Thread 0x000001eae4e3a750 Uncommon trap: reason=bimorphic_or_optimized_type_check action=maybe_recompile pc=0x000001ead933faa0 method=java.util.HashMap.putVal(ILjava/lang/Object;Ljava/lang/Object;ZZ)Ljava/lang/Object; @ 56 c2
Event: 3.321 Thread 0x000001eae4e3a750 DEOPT PACKING pc=0x000001ead933faa0 sp=0x00000059071fdc60
Event: 3.321 Thread 0x000001eae4e3a750 DEOPT UNPACKING pc=0x000001ead8d56da2 sp=0x00000059071fdb60 mode 2
Event: 3.321 Thread 0x000001eae4e3a750 Uncommon trap: trap_request=0xffffffc6 fr.pc=0x000001ead933faf8 relative=0x0000000000000af8
Event: 3.321 Thread 0x000001eae4e3a750 Uncommon trap: reason=bimorphic_or_optimized_type_check action=maybe_recompile pc=0x000001ead933faf8 method=java.util.HashMap.putVal(ILjava/lang/Object;Ljava/lang/Object;ZZ)Ljava/lang/Object; @ 152 c2
Event: 3.321 Thread 0x000001eae4e3a750 DEOPT PACKING pc=0x000001ead933faf8 sp=0x00000059071fdc60
Event: 3.321 Thread 0x000001eae4e3a750 DEOPT UNPACKING pc=0x000001ead8d56da2 sp=0x00000059071fdb68 mode 2
Event: 3.321 Thread 0x000001eae4e3a750 Uncommon trap: trap_request=0xffffffc6 fr.pc=0x000001ead933faa0 relative=0x0000000000000aa0
Event: 3.321 Thread 0x000001eae4e3a750 Uncommon trap: reason=bimorphic_or_optimized_type_check action=maybe_recompile pc=0x000001ead933faa0 method=java.util.HashMap.putVal(ILjava/lang/Object;Ljava/lang/Object;ZZ)Ljava/lang/Object; @ 56 c2
Event: 3.321 Thread 0x000001eae4e3a750 DEOPT PACKING pc=0x000001ead933faa0 sp=0x00000059071fdc60
Event: 3.321 Thread 0x000001eae4e3a750 DEOPT UNPACKING pc=0x000001ead8d56da2 sp=0x00000059071fdb60 mode 2
Event: 3.321 Thread 0x000001eae4e3a750 Uncommon trap: trap_request=0xffffffc6 fr.pc=0x000001ead933e23c relative=0x0000000000000a3c
Event: 3.321 Thread 0x000001eae4e3a750 Uncommon trap: reason=bimorphic_or_optimized_type_check action=maybe_recompile pc=0x000001ead933e23c method=java.util.HashMap.putVal(ILjava/lang/Object;Ljava/lang/Object;ZZ)Ljava/lang/Object; @ 56 c2
Event: 3.321 Thread 0x000001eae4e3a750 DEOPT PACKING pc=0x000001ead933e23c sp=0x00000059071fdbd0
Event: 3.321 Thread 0x000001eae4e3a750 DEOPT UNPACKING pc=0x000001ead8d56da2 sp=0x00000059071fdb68 mode 2

Classes loaded (20 events):
Event: 3.320 Loading class java/lang/ProcessEnvironment
Event: 3.320 Loading class java/lang/ProcessEnvironment done
Event: 3.321 Loading class java/lang/ProcessEnvironment$NameComparator
Event: 3.321 Loading class java/lang/ProcessEnvironment$NameComparator done
Event: 3.321 Loading class java/lang/ProcessEnvironment$EntryComparator
Event: 3.321 Loading class java/lang/ProcessEnvironment$EntryComparator done
Event: 3.321 Loading class java/lang/ProcessEnvironment$CheckedEntrySet
Event: 3.321 Loading class java/lang/ProcessEnvironment$CheckedEntrySet done
Event: 3.322 Loading class java/lang/ProcessEnvironment$CheckedEntrySet$1
Event: 3.322 Loading class java/lang/ProcessEnvironment$CheckedEntrySet$1 done
Event: 3.322 Loading class java/lang/ProcessEnvironment$CheckedEntry
Event: 3.322 Loading class java/lang/ProcessEnvironment$CheckedEntry done
Event: 3.335 Loading class java/util/UUID$Holder
Event: 3.335 Loading class java/util/UUID$Holder done
Event: 3.351 Loading class java/util/DualPivotQuicksort
Event: 3.351 Loading class java/util/DualPivotQuicksort done
Event: 3.354 Loading class java/lang/Character$UnicodeBlock
Event: 3.355 Loading class java/lang/Character$Subset
Event: 3.355 Loading class java/lang/Character$Subset done
Event: 3.356 Loading class java/lang/Character$UnicodeBlock done

Classes unloaded (7 events):
Event: 2.041 Thread 0x000001eace680b60 Unloading class 0x000001ea81187400 'java/lang/invoke/LambdaForm$MH+0x000001ea81187400'
Event: 2.041 Thread 0x000001eace680b60 Unloading class 0x000001ea81187000 'java/lang/invoke/LambdaForm$MH+0x000001ea81187000'
Event: 2.041 Thread 0x000001eace680b60 Unloading class 0x000001ea81186c00 'java/lang/invoke/LambdaForm$MH+0x000001ea81186c00'
Event: 2.041 Thread 0x000001eace680b60 Unloading class 0x000001ea81186800 'java/lang/invoke/LambdaForm$MH+0x000001ea81186800'
Event: 2.041 Thread 0x000001eace680b60 Unloading class 0x000001ea81186400 'java/lang/invoke/LambdaForm$BMH+0x000001ea81186400'
Event: 2.041 Thread 0x000001eace680b60 Unloading class 0x000001ea81186000 'java/lang/invoke/LambdaForm$DMH+0x000001ea81186000'
Event: 2.041 Thread 0x000001eace680b60 Unloading class 0x000001ea81184c00 'java/lang/invoke/LambdaForm$DMH+0x000001ea81184c00'

Classes redefined (0 events):
No events

Internal exceptions (20 events):
Event: 1.737 Thread 0x000001eae4e3a750 Exception <a 'java/lang/NoSuchMethodError'{0x00000000eb72f5c8}: 'int java.lang.invoke.Invokers$Holder.invokeExact_MT(java.lang.Object, java.lang.Object, java.lang.Object)'> (0x00000000eb72f5c8) 
thrown [s\src\hotspot\share\interpreter\linkResolver.cpp, line 773]
Event: 1.748 Thread 0x000001eae4e3a750 Exception <a 'java/lang/NoSuchMethodError'{0x00000000eb83ea68}: 'void java.lang.invoke.Invokers$Holder.invokeExact_MT(java.lang.Object, java.lang.Object, int, java.lang.Object)'> (0x00000000eb83ea68) 
thrown [s\src\hotspot\share\interpreter\linkResolver.cpp, line 773]
Event: 1.758 Thread 0x000001eae4e3a750 Exception <a 'java/lang/NoSuchMethodError'{0x00000000eb934eb0}: 'java.lang.Object java.lang.invoke.DirectMethodHandle$Holder.invokeSpecial(java.lang.Object, java.lang.Object, java.lang.Object, long, java.lang.Object)'> (0x00000000eb934eb0) 
thrown [s\src\hotspot\share\interpreter\linkResolver.cpp, line 773]
Event: 1.759 Thread 0x000001eae4e3a750 Exception <a 'java/lang/NoSuchMethodError'{0x00000000eb93c640}: 'java.lang.Object java.lang.invoke.DirectMethodHandle$Holder.newInvokeSpecial(java.lang.Object, java.lang.Object, java.lang.Object, long)'> (0x00000000eb93c640) 
thrown [s\src\hotspot\share\interpreter\linkResolver.cpp, line 773]
Event: 1.759 Thread 0x000001eae4e3a750 Exception <a 'java/lang/NoSuchMethodError'{0x00000000eb9402c0}: 'java.lang.Object java.lang.invoke.Invokers$Holder.linkToTargetMethod(java.lang.Object, java.lang.Object, long, java.lang.Object)'> (0x00000000eb9402c0) 
thrown [s\src\hotspot\share\interpreter\linkResolver.cpp, line 773]
Event: 1.763 Thread 0x000001eae4e3a750 Exception <a 'java/lang/NoSuchMethodError'{0x00000000eb997ef0}: 'int java.lang.invoke.DirectMethodHandle$Holder.invokeStaticInit(java.lang.Object, java.lang.Object, java.lang.Object)'> (0x00000000eb997ef0) 
thrown [s\src\hotspot\share\interpreter\linkResolver.cpp, line 773]
Event: 1.767 Thread 0x000001eae4e3a750 Exception <a 'java/lang/IncompatibleClassChangeError'{0x00000000eba36bc0}: Found class java.lang.Object, but interface was expected> (0x00000000eba36bc0) 
thrown [s\src\hotspot\share\interpreter\linkResolver.cpp, line 840]
Event: 1.770 Thread 0x000001eae4e3a750 Exception <a 'java/lang/NoSuchMethodError'{0x00000000eba4de38}: 'java.lang.Object java.lang.invoke.DirectMethodHandle$Holder.invokeSpecial(java.lang.Object, java.lang.Object, java.lang.Object, int, java.lang.Object, java.lang.Object)'> (0x00000000eba4de38) 
thrown [s\src\hotspot\share\interpreter\linkResolver.cpp, line 773]
Event: 1.770 Thread 0x000001eae4e3a750 Exception <a 'java/lang/NoSuchMethodError'{0x00000000eba556d0}: 'java.lang.Object java.lang.invoke.DirectMethodHandle$Holder.newInvokeSpecial(java.lang.Object, java.lang.Object, java.lang.Object, int, java.lang.Object)'> (0x00000000eba556d0) 
thrown [s\src\hotspot\share\interpreter\linkResolver.cpp, line 773]
Event: 1.770 Thread 0x000001eae4e3a750 Exception <a 'java/lang/NoSuchMethodError'{0x00000000eba591c0}: 'java.lang.Object java.lang.invoke.Invokers$Holder.linkToTargetMethod(java.lang.Object, java.lang.Object, int, java.lang.Object, java.lang.Object)'> (0x00000000eba591c0) 
thrown [s\src\hotspot\share\interpreter\linkResolver.cpp, line 773]
Event: 1.770 Thread 0x000001eae9520ea0 Exception <a 'java/lang/NoSuchMethodError'{0x00000000eb9993d0}: 'java.lang.Object java.lang.invoke.DirectMethodHandle$Holder.invokeSpecial(java.lang.Object, java.lang.Object, int, java.lang.Object, java.lang.Object)'> (0x00000000eb9993d0) 
thrown [s\src\hotspot\share\interpreter\linkResolver.cpp, line 773]
Event: 1.771 Thread 0x000001eae9520ea0 Exception <a 'java/lang/NoSuchMethodError'{0x00000000eb9a0108}: 'java.lang.Object java.lang.invoke.DirectMethodHandle$Holder.newInvokeSpecial(java.lang.Object, java.lang.Object, int, java.lang.Object)'> (0x00000000eb9a0108) 
thrown [s\src\hotspot\share\interpreter\linkResolver.cpp, line 773]
Event: 1.779 Thread 0x000001eae4e3a750 Exception <a 'java/lang/NoSuchMethodError'{0x00000000ebb5df88}: 'void java.lang.invoke.DirectMethodHandle$Holder.invokeSpecial(java.lang.Object, java.lang.Object, java.lang.Object, java.lang.Object, java.lang.Object)'> (0x00000000ebb5df88) 
thrown [s\src\hotspot\share\interpreter\linkResolver.cpp, line 773]
Event: 1.798 Thread 0x000001eae4e3a750 Exception <a 'java/lang/NoSuchMethodError'{0x00000000ebe55408}: 'double java.lang.invoke.DirectMethodHandle$Holder.invokeStatic(java.lang.Object, java.lang.Object)'> (0x00000000ebe55408) 
thrown [s\src\hotspot\share\interpreter\linkResolver.cpp, line 773]
Event: 1.798 Thread 0x000001eae4e3a750 Exception <a 'java/lang/NoSuchMethodError'{0x00000000ebe58ac8}: 'double java.lang.invoke.DirectMethodHandle$Holder.invokeStaticInit(java.lang.Object, java.lang.Object)'> (0x00000000ebe58ac8) 
thrown [s\src\hotspot\share\interpreter\linkResolver.cpp, line 773]
Event: 1.945 Thread 0x000001eae4e3a750 Implicit null exception at 0x000001ead93c1c75 to 0x000001ead93c1d88
Event: 3.269 Thread 0x000001eae4e3a750 Exception <a 'java/lang/ClassNotFoundException'{0x00000000ec100ac0}: com/sun/org/apache/xerces/internal/impl/msg/spi/DOMMessagesProvider> (0x00000000ec100ac0) 
thrown [s\src\hotspot\share\classfile\systemDictionary.cpp, line 312]
Event: 3.270 Thread 0x000001eae4e3a750 Exception <a 'java/lang/ClassNotFoundException'{0x00000000ec11bc38}: com/sun/org/apache/xerces/internal/impl/msg/spi/XMLSerializerMessagesProvider> (0x00000000ec11bc38) 
thrown [s\src\hotspot\share\classfile\systemDictionary.cpp, line 312]
Event: 3.271 Thread 0x000001eae4e3a750 Exception <a 'java/lang/ClassNotFoundException'{0x00000000ec1293f0}: com/sun/org/apache/xerces/internal/impl/msg/spi/XMLMessagesProvider> (0x00000000ec1293f0) 
thrown [s\src\hotspot\share\classfile\systemDictionary.cpp, line 312]
Event: 3.287 Thread 0x000001eae4e3a750 Exception <a 'java/lang/NoSuchMethodError'{0x00000000ec29e538}: 'java.lang.Object java.lang.invoke.DirectMethodHandle$Holder.newInvokeSpecial(java.lang.Object, int, java.lang.Object, java.lang.Object)'> (0x00000000ec29e538) 
thrown [s\src\hotspot\share\interpreter\linkResolver.cpp, line 773]

ZGC Phase Switch (0 events):
No events

VM Operations (20 events):
Event: 1.731 Executing VM operation: HandshakeAllThreads (Deoptimize) done
Event: 1.828 Executing VM operation: ParallelGCFailedAllocation (Allocation Failure)
Event: 1.830 Executing VM operation: ParallelGCFailedAllocation (Allocation Failure) done
Event: 1.960 Executing VM operation: ParallelGCFailedAllocation (Allocation Failure)
Event: 1.963 Executing VM operation: ParallelGCFailedAllocation (Allocation Failure) done
Event: 1.982 Executing VM operation: CollectForMetadataAllocation (Metadata GC Threshold)
Event: 3.074 Executing VM operation: CollectForMetadataAllocation (Metadata GC Threshold) done
Event: 3.228 Executing VM operation: HandshakeAllThreads (Deoptimize)
Event: 3.228 Executing VM operation: HandshakeAllThreads (Deoptimize) done
Event: 3.300 Executing VM operation: ParallelGCFailedAllocation (Allocation Failure)
Event: 3.302 Executing VM operation: ParallelGCFailedAllocation (Allocation Failure) done
Event: 3.321 Executing VM operation: HandshakeAllThreads (Deoptimize)
Event: 3.321 Executing VM operation: HandshakeAllThreads (Deoptimize) done
Event: 3.338 Executing VM operation: HandshakeAllThreads (Deoptimize)
Event: 3.338 Executing VM operation: HandshakeAllThreads (Deoptimize) done
Event: 3.346 Executing VM operation: HandshakeAllThreads (Deoptimize)
Event: 3.346 Executing VM operation: HandshakeAllThreads (Deoptimize) done
Event: 3.347 Executing VM operation: HandshakeAllThreads (Deoptimize)
Event: 3.347 Executing VM operation: HandshakeAllThreads (Deoptimize) done
Event: 4.353 Executing VM operation: Cleanup

Memory protections (0 events):
No events

Nmethod flushes (0 events):
No events

Events (20 events):
Event: 0.046 Thread 0x000001eace5e4670 Thread added: 0x000001eae299a450
Event: 0.046 Thread 0x000001eace5e4670 Thread added: 0x000001eae29a0e10
Event: 0.046 Thread 0x000001eace5e4670 Thread added: 0x000001eae29a4e90
Event: 0.046 Thread 0x000001eace5e4670 Thread added: 0x000001eae29b44b0
Event: 0.046 Thread 0x000001eace5e4670 Thread added: 0x000001eae29b9030
Event: 0.067 Thread 0x000001eace5e4670 Thread added: 0x000001eae4424650
Event: 0.094 Thread 0x000001eae29b9030 Thread added: 0x000001eae4585c60
Event: 0.263 Thread 0x000001eace5e4670 Thread added: 0x000001eae47b8240
Event: 0.330 Thread 0x000001eae29b44b0 Thread added: 0x000001eae488de10
Event: 1.018 Thread 0x000001eace5e4670 Thread added: 0x000001eae4ea95e0
Event: 1.150 Thread 0x000001eace5e4670 Thread added: 0x000001eae9160590
Event: 1.152 Thread 0x000001eace5e4670 Thread added: 0x000001eae4e3a750
Event: 1.181 Thread 0x000001eae4e3a750 Thread added: 0x000001eae4c54e80
Event: 1.251 Thread 0x000001eae4e3a750 Thread added: 0x000001eae9277bb0
Event: 1.409 Thread 0x000001eae4e3a750 Thread added: 0x000001eae91c3c30
Event: 1.741 Thread 0x000001eae4e3a750 Thread added: 0x000001eae9440290
Event: 1.760 Thread 0x000001eae4e3a750 Thread added: 0x000001eae9520ea0
Event: 1.771 Thread 0x000001eae4e3a750 Thread added: 0x000001eae94b1410
Event: 3.280 Thread 0x000001eae4e3a750 Thread added: 0x000001eae94b0060
Event: 3.327 Thread 0x000001eae94b0060 Thread exited: 0x000001eae94b0060


Dynamic libraries:
0x00007ff64be50000 - 0x00007ff64be5e000 	c:\Users\mariam\.vscode\extensions\redhat.java-1.41.1-win32-x64\jre\21.0.6-win32-x86_64\bin\java.exe
0x00007ffad7f40000 - 0x00007ffad81a0000 	C:\WINDOWS\SYSTEM32\ntdll.dll
0x00007ffad6cd0000 - 0x00007ffad6d97000 	C:\WINDOWS\System32\KERNEL32.DLL
0x00007ffad50f0000 - 0x00007ffad54ba000 	C:\WINDOWS\System32\KERNELBASE.dll
0x00007ffad5bc0000 - 0x00007ffad5d0b000 	C:\WINDOWS\System32\ucrtbase.dll
0x00007ffacf610000 - 0x00007ffacf62e000 	c:\Users\mariam\.vscode\extensions\redhat.java-1.41.1-win32-x64\jre\21.0.6-win32-x86_64\bin\VCRUNTIME140.dll
0x00007ffacf760000 - 0x00007ffacf778000 	c:\Users\mariam\.vscode\extensions\redhat.java-1.41.1-win32-x64\jre\21.0.6-win32-x86_64\bin\jli.dll
0x00007ffad68c0000 - 0x00007ffad6a8c000 	C:\WINDOWS\System32\USER32.dll
0x00007ffab6e90000 - 0x00007ffab7127000 	C:\WINDOWS\WinSxS\amd64_microsoft.windows.common-controls_6595b64144ccf1df_6.0.26100.3624_none_3e086962e3345f24\COMCTL32.dll
0x00007ffad5a20000 - 0x00007ffad5a47000 	C:\WINDOWS\System32\win32u.dll
0x00007ffad6e70000 - 0x00007ffad6f19000 	C:\WINDOWS\System32\msvcrt.dll
0x00007ffad79f0000 - 0x00007ffad7a1a000 	C:\WINDOWS\System32\GDI32.dll
0x00007ffad56a0000 - 0x00007ffad57d1000 	C:\WINDOWS\System32\gdi32full.dll
0x00007ffad55f0000 - 0x00007ffad5693000 	C:\WINDOWS\System32\msvcp_win.dll
0x00007ffad6ab0000 - 0x00007ffad6adf000 	C:\WINDOWS\System32\IMM32.DLL
0x00007ffacf800000 - 0x00007ffacf80c000 	c:\Users\mariam\.vscode\extensions\redhat.java-1.41.1-win32-x64\jre\21.0.6-win32-x86_64\bin\vcruntime140_1.dll
0x00007ffa9b980000 - 0x00007ffa9ba0d000 	c:\Users\mariam\.vscode\extensions\redhat.java-1.41.1-win32-x64\jre\21.0.6-win32-x86_64\bin\msvcp140.dll
0x00007ffa83c70000 - 0x00007ffa84a00000 	c:\Users\mariam\.vscode\extensions\redhat.java-1.41.1-win32-x64\jre\21.0.6-win32-x86_64\bin\server\jvm.dll
0x00007ffad6790000 - 0x00007ffad6842000 	C:\WINDOWS\System32\ADVAPI32.dll
0x00007ffad7e20000 - 0x00007ffad7ec6000 	C:\WINDOWS\System32\sechost.dll
0x00007ffad6030000 - 0x00007ffad6146000 	C:\WINDOWS\System32\RPCRT4.dll
0x00007ffad6da0000 - 0x00007ffad6e14000 	C:\WINDOWS\System32\WS2_32.dll
0x00007ffad3d60000 - 0x00007ffad3dbe000 	C:\WINDOWS\SYSTEM32\POWRPROF.dll
0x00007ffac8df0000 - 0x00007ffac8dfb000 	C:\WINDOWS\SYSTEM32\VERSION.dll
0x00007ffac9a80000 - 0x00007ffac9ab6000 	C:\WINDOWS\SYSTEM32\WINMM.dll
0x00007ffad3d40000 - 0x00007ffad3d54000 	C:\WINDOWS\SYSTEM32\UMPDC.dll
0x00007ffad4020000 - 0x00007ffad403a000 	C:\WINDOWS\SYSTEM32\kernel.appcore.dll
0x00007ffacf080000 - 0x00007ffacf08a000 	c:\Users\mariam\.vscode\extensions\redhat.java-1.41.1-win32-x64\jre\21.0.6-win32-x86_64\bin\jimage.dll
0x00007ffad2830000 - 0x00007ffad2a71000 	C:\WINDOWS\SYSTEM32\DBGHELP.DLL
0x00007ffad6f20000 - 0x00007ffad72a2000 	C:\WINDOWS\System32\combase.dll
0x00007ffad7a20000 - 0x00007ffad7af6000 	C:\WINDOWS\System32\OLEAUT32.dll
0x00007ffab5da0000 - 0x00007ffab5dd9000 	C:\WINDOWS\SYSTEM32\dbgcore.DLL
0x00007ffad5550000 - 0x00007ffad55e9000 	C:\WINDOWS\System32\bcryptPrimitives.dll
0x00007ffacd210000 - 0x00007ffacd21f000 	c:\Users\mariam\.vscode\extensions\redhat.java-1.41.1-win32-x64\jre\21.0.6-win32-x86_64\bin\instrument.dll
0x00007ffacd160000 - 0x00007ffacd17f000 	c:\Users\mariam\.vscode\extensions\redhat.java-1.41.1-win32-x64\jre\21.0.6-win32-x86_64\bin\java.dll
0x00007ffad72c0000 - 0x00007ffad79e9000 	C:\WINDOWS\System32\SHELL32.dll
0x00007ffad5a50000 - 0x00007ffad5bb8000 	C:\WINDOWS\System32\wintypes.dll
0x00007ffad2db0000 - 0x00007ffad3602000 	C:\WINDOWS\SYSTEM32\windows.storage.dll
0x00007ffad65e0000 - 0x00007ffad66cd000 	C:\WINDOWS\System32\SHCORE.dll
0x00007ffad6850000 - 0x00007ffad68b4000 	C:\WINDOWS\System32\shlwapi.dll
0x00007ffad5000000 - 0x00007ffad502f000 	C:\WINDOWS\SYSTEM32\profapi.dll
0x00007ffacd110000 - 0x00007ffacd128000 	c:\Users\mariam\.vscode\extensions\redhat.java-1.41.1-win32-x64\jre\21.0.6-win32-x86_64\bin\zip.dll
0x00007ffac3100000 - 0x00007ffac3110000 	C:\Users\mariam\.vscode\extensions\redhat.java-1.41.1-win32-x64\jre\21.0.6-win32-x86_64\bin\net.dll
0x00007ffac92c0000 - 0x00007ffac93dd000 	C:\WINDOWS\SYSTEM32\WINHTTP.dll
0x00007ffad4540000 - 0x00007ffad45aa000 	C:\WINDOWS\system32\mswsock.dll
0x00007ffac2190000 - 0x00007ffac21a6000 	C:\Users\mariam\.vscode\extensions\redhat.java-1.41.1-win32-x64\jre\21.0.6-win32-x86_64\bin\nio.dll
0x00007ffac2300000 - 0x00007ffac2310000 	c:\Users\mariam\.vscode\extensions\redhat.java-1.41.1-win32-x64\jre\21.0.6-win32-x86_64\bin\verify.dll
0x00007ffa97ff0000 - 0x00007ffa98035000 	C:\Users\mariam\AppData\Roaming\Code\User\globalStorage\redhat.java\1.41.1\config_ss_win\org.eclipse.equinox.launcher\org.eclipse.equinox.launcher.win32.win32.x86_64_1.2.1300.v20250331-1702\eclipse_11911.dll
0x00007ffad7b00000 - 0x00007ffad7c96000 	C:\WINDOWS\System32\ole32.dll
0x00007ffad47e0000 - 0x00007ffad47fc000 	C:\WINDOWS\SYSTEM32\CRYPTSP.dll
0x00007ffad3f80000 - 0x00007ffad3fba000 	C:\WINDOWS\system32\rsaenh.dll
0x00007ffad45e0000 - 0x00007ffad460b000 	C:\WINDOWS\SYSTEM32\USERENV.dll
0x00007ffad4fd0000 - 0x00007ffad4ff6000 	C:\WINDOWS\SYSTEM32\bcrypt.dll
0x00007ffad4800000 - 0x00007ffad480c000 	C:\WINDOWS\SYSTEM32\CRYPTBASE.dll
0x00007ffad39f0000 - 0x00007ffad3a23000 	C:\WINDOWS\SYSTEM32\IPHLPAPI.DLL
0x00007ffad7e10000 - 0x00007ffad7e1a000 	C:\WINDOWS\System32\NSI.dll
0x00007ffa96160000 - 0x00007ffa961a9000 	C:\Users\mariam\AppData\Local\Temp\jna--1081308105\jna11965133045573761293.dll
0x00007ffad6780000 - 0x00007ffad6788000 	C:\WINDOWS\System32\PSAPI.DLL

dbghelp: loaded successfully - version: 4.0.5 - missing functions: none
symbol engine: initialized successfully - sym options: 0x614 - pdb path: .;c:\Users\mariam\.vscode\extensions\redhat.java-1.41.1-win32-x64\jre\21.0.6-win32-x86_64\bin;C:\WINDOWS\SYSTEM32;C:\WINDOWS\WinSxS\amd64_microsoft.windows.common-controls_6595b64144ccf1df_6.0.26100.3624_none_3e086962e3345f24;c:\Users\mariam\.vscode\extensions\redhat.java-1.41.1-win32-x64\jre\21.0.6-win32-x86_64\bin\server;C:\Users\mariam\AppData\Roaming\Code\User\globalStorage\redhat.java\1.41.1\config_ss_win\org.eclipse.equinox.launcher\org.eclipse.equinox.launcher.win32.win32.x86_64_1.2.1300.v20250331-1702;C:\Users\mariam\AppData\Local\Temp\jna--1081308105

VM Arguments:
jvm_args: --add-modules=ALL-SYSTEM --add-opens=java.base/java.util=ALL-UNNAMED --add-opens=java.base/java.lang=ALL-UNNAMED --add-opens=java.base/sun.nio.fs=ALL-UNNAMED -Declipse.application=org.eclipse.jdt.ls.core.id1 -Dosgi.bundles.defaultStartLevel=4 -Declipse.product=org.eclipse.jdt.ls.core.product -Djava.import.generatesMetadataFilesAtProjectRoot=false -DDetectVMInstallationsJob.disabled=true -Dfile.encoding=utf8 -XX:+UseParallelGC -XX:GCTimeRatio=4 -XX:AdaptiveSizePolicyWeight=90 -Dsun.zip.disableMemoryMapping=true -Xmx1G -Xms100m -Xlog:disable -javaagent:c:\Users\mariam\.vscode\extensions\redhat.java-1.41.1-win32-x64\lombok\lombok-1.18.36.jar 
java_command: c:\Users\mariam\.vscode\extensions\redhat.java-1.41.1-win32-x64\server\plugins\org.eclipse.equinox.launcher_1.7.0.v20250331-1702.jar -configuration c:\Users\mariam\AppData\Roaming\Code\User\globalStorage\redhat.java\1.41.1\config_ss_win -data c:\Users\mariam\AppData\Roaming\Code\User\workspaceStorage\2bb9b26e9d4492cbb8200e3212f9205a\redhat.java\ss_ws --pipe=\\.\pipe\lsp-ce070b0273a7b2f6cd6042b87aea70d6-sock
java_class_path (initial): c:\Users\mariam\.vscode\extensions\redhat.java-1.41.1-win32-x64\server\plugins\org.eclipse.equinox.launcher_1.7.0.v20250331-1702.jar
Launcher Type: SUN_STANDARD

[Global flags]
    uintx AdaptiveSizePolicyWeight                 = 90                                        {product} {command line}
     intx CICompilerCount                          = 4                                         {product} {ergonomic}
    uintx GCTimeRatio                              = 4                                         {product} {command line}
   size_t InitialHeapSize                          = 104857600                                 {product} {command line}
   size_t MaxHeapSize                              = 1073741824                                {product} {command line}
   size_t MaxNewSize                               = 357564416                                 {product} {ergonomic}
   size_t MinHeapDeltaBytes                        = 524288                                    {product} {ergonomic}
   size_t MinHeapSize                              = 104857600                                 {product} {command line}
   size_t NewSize                                  = 34603008                                  {product} {ergonomic}
    uintx NonNMethodCodeHeapSize                   = 5839372                                {pd product} {ergonomic}
    uintx NonProfiledCodeHeapSize                  = 122909434                              {pd product} {ergonomic}
   size_t OldSize                                  = 70254592                                  {product} {ergonomic}
    uintx ProfiledCodeHeapSize                     = 122909434                              {pd product} {ergonomic}
    uintx ReservedCodeCacheSize                    = 251658240                              {pd product} {ergonomic}
     bool SegmentedCodeCache                       = true                                      {product} {ergonomic}
   size_t SoftMaxHeapSize                          = 1073741824                             {manageable} {ergonomic}
     bool UseCompressedOops                        = true                           {product lp64_product} {ergonomic}
     bool UseLargePagesIndividualAllocation        = false                                  {pd product} {ergonomic}
     bool UseParallelGC                            = true                                      {product} {command line}

Logging:
Log output configuration:
 #0: stdout all=off uptime,level,tags foldmultilines=false
 #1: stderr all=off uptime,level,tags foldmultilines=false

Environment Variables:
JAVA_HOME=C:\Program Files\Microsoft\jdk-11.0.16.101-hotspot
PATH=C:\Program Files (x86)\VMware\VMware Workstation\bin\;C:\Program Files\Common Files\Oracle\Java\javapath;C:\Program Files\Microsoft SDKs\Azure\CLI2\wbin;C:\Program Files\Microsoft\jdk-11.0.16.101-hotspot\bin;C:\Program Files\Python311\Scripts\;C:\Program Files\Python311\;C:\Windows\system32;C:\Windows;C:\Windows\System32\Wbem;C:\Windows\System32\WindowsPowerShell\v1.0\;C:\Windows\System32\OpenSSH\;C:\Program Files (x86)\NVIDIA Corporation\PhysX\Common;C:\Program Files\NVIDIA Corporation\NVIDIA NvDLISR;C:\Users\mariam\Downloads;C:\Users\mariam\Downloads\scripts\;C:\WINDOWS\system32;C:\WINDOWS;C:\WINDOWS\System32\Wbem;C:\WINDOWS\System32\WindowsPowerShell\v1.0\;C:\WINDOWS\System32\OpenSSH\;C:\msys64\mingw64\bin.;C:\msys64\mingw64\bin;C:\ProgramData\chocolatey\bin;C:\Program Files (x86)\Microsoft SQL Server\160\DTS\Binn\;C:\Program Files\Azure Data Studio\bin;C:\Program Files\Microsoft SQL Server\150\Tools\Binn\;C:\Program Files\Microsoft SQL Server\Client SDK\ODBC\170\Tools\Binn\;C:\Program Files (x86)\Microsoft SQL Server\160\Tools\Binn\;C:\Program Files\Microsoft SQL Server\160\Tools\Binn\;C:\Program Files\Microsoft SQL Server\160\DTS\Binn\;C:\Program Files\Git\cmd;C:\Program Files\Docker\Docker\resources\bin;C:\Program Files\nodejs\;C:\Program Files\dotnet\;C:\Users\mariam\.cargo\bin;C:\Users\mariam\AppData\Local\Programs\Python\Python313\Scripts\;C:\Users\mariam\AppData\Local\Programs\Python\Python313\;C:\Users\mariam\AppData\Local\Microsoft\WindowsApps;C:\Program Files\JetBrains\PyCharm Edu 222.4167.41\bin;;C:\Users\mariam\Downloads;C:\Users\mariam\Downloads\scripts\;C:\Users\mariam\AppData\Local\Programs\Microsoft VS Code\bin;C:\msys64\mingw64\bin;C:\Program Files\Azure Data Studio\bin;C:\Users\mariam\.dotnet\tools;C:\Users\mariam\Downloads\platform-tools-latest-windows;C:\Users\mariam\AppData\Local\Microsoft\WinGet\Packages\Schniz.fnm_Microsoft.Winget.Source_8wekyb3d8bbwe;C:\Users\mariam\AppData\Roaming\npm
USERNAME=mariam
OS=Windows_NT
PROCESSOR_IDENTIFIER=Intel64 Family 6 Model 140 Stepping 1, GenuineIntel
TMP=C:\Users\mariam\AppData\Local\Temp
TEMP=C:\Users\mariam\AppData\Local\Temp




Periodic native trim disabled

---------------  S Y S T E M  ---------------

OS:
 Windows 11 , 64 bit Build 26100 (10.0.26100.3775)
OS uptime: 9 days 1:10 hours
Hyper-V role detected

CPU: total 8 (initial active 8) (4 cores per cpu, 2 threads per core) family 6 model 140 stepping 1 microcode 0x86, cx8, cmov, fxsr, ht, mmx, 3dnowpref, sse, sse2, sse3, ssse3, sse4.1, sse4.2, popcnt, lzcnt, tsc, tscinvbit, avx, avx2, aes, erms, clmul, bmi1, bmi2, adx, avx512f, avx512dq, avx512cd, avx512bw, avx512vl, sha, fma, vzeroupper, avx512_vpopcntdq, avx512_vpclmulqdq, avx512_vaes, avx512_vnni, clflush, clflushopt, clwb, avx512_vbmi2, avx512_vbmi, hv, rdtscp, rdpid, fsrm, gfni, avx512_bitalg, f16c, cet_ibt, cet_ss, avx512_ifma
Processor Information for the first 8 processors :
  Max Mhz: 3302, Current Mhz: 3302, Mhz Limit: 3302

Memory: 4k page, system-wide physical 16075M (1480M free)
TotalPageFile size 24267M (AvailPageFile size 6M)
current process WorkingSet (physical memory assigned to process): 158M, peak: 160M
current process commit charge ("private bytes"): 258M, peak: 260M

vm_info: OpenJDK 64-Bit Server VM (21.0.6+7-LTS) for windows-amd64 JRE (21.0.6+7-LTS), built on 2025-01-21T00:00:00Z by "admin" with MS VC++ 17.7 (VS2022)

END.
